0 info it worked if it ends with ok
1 verbose cli [ '/usr/local/bin/node', '/usr/local/bin/npm', 'install' ]
2 info using npm@1.2.30
3 info using node@v0.10.11
4 verbose read json /home/jing/codeplay/javascript/yowebapp/package.json
5 warn package.json yowebapp@0.0.0 No repository field.
6 warn package.json yowebapp@0.0.0 No readme data.
7 verbose readDependencies using package.json deps
8 verbose install where, deps [ '/home/jing/codeplay/javascript/yowebapp',
8 verbose install   [ 'grunt',
8 verbose install     'grunt-contrib-copy',
8 verbose install     'grunt-contrib-concat',
8 verbose install     'grunt-contrib-coffee',
8 verbose install     'grunt-contrib-uglify',
8 verbose install     'grunt-contrib-compass',
8 verbose install     'grunt-contrib-jshint',
8 verbose install     'grunt-contrib-cssmin',
8 verbose install     'grunt-contrib-connect',
8 verbose install     'grunt-contrib-clean',
8 verbose install     'grunt-contrib-htmlmin',
8 verbose install     'grunt-bower-requirejs',
8 verbose install     'grunt-contrib-requirejs',
8 verbose install     'grunt-contrib-imagemin',
8 verbose install     'grunt-contrib-watch',
8 verbose install     'grunt-rev',
8 verbose install     'grunt-autoprefixer',
8 verbose install     'grunt-usemin',
8 verbose install     'grunt-mocha',
8 verbose install     'grunt-modernizr',
8 verbose install     'grunt-svgmin',
8 verbose install     'grunt-concurrent',
8 verbose install     'load-grunt-tasks',
8 verbose install     'time-grunt' ] ]
9 verbose from cache /home/jing/codeplay/javascript/yowebapp/package.json
10 info preinstall yowebapp@0.0.0
11 verbose from cache /home/jing/codeplay/javascript/yowebapp/package.json
12 verbose readDependencies using package.json deps
13 verbose cache add [ 'grunt@~0.4.1', null ]
14 verbose cache add name=undefined spec="grunt@~0.4.1" args=["grunt@~0.4.1",null]
15 verbose parsed url { protocol: null,
15 verbose parsed url   slashes: null,
15 verbose parsed url   auth: null,
15 verbose parsed url   host: null,
15 verbose parsed url   port: null,
15 verbose parsed url   hostname: null,
15 verbose parsed url   hash: null,
15 verbose parsed url   search: null,
15 verbose parsed url   query: null,
15 verbose parsed url   pathname: 'grunt@~0.4.1',
15 verbose parsed url   path: 'grunt@~0.4.1',
15 verbose parsed url   href: 'grunt@~0.4.1' }
16 verbose cache add name="grunt" spec="~0.4.1" args=["grunt","~0.4.1"]
17 verbose parsed url { protocol: null,
17 verbose parsed url   slashes: null,
17 verbose parsed url   auth: null,
17 verbose parsed url   host: null,
17 verbose parsed url   port: null,
17 verbose parsed url   hostname: null,
17 verbose parsed url   hash: null,
17 verbose parsed url   search: null,
17 verbose parsed url   query: null,
17 verbose parsed url   pathname: '~0.4.1',
17 verbose parsed url   path: '~0.4.1',
17 verbose parsed url   href: '~0.4.1' }
18 verbose addNamed [ 'grunt', '~0.4.1' ]
19 verbose addNamed [ null, '>=0.4.1- <0.5.0-' ]
20 verbose cache add [ 'grunt-contrib-copy@~0.4.1', null ]
21 verbose cache add name=undefined spec="grunt-contrib-copy@~0.4.1" args=["grunt-contrib-copy@~0.4.1",null]
22 verbose parsed url { protocol: null,
22 verbose parsed url   slashes: null,
22 verbose parsed url   auth: null,
22 verbose parsed url   host: null,
22 verbose parsed url   port: null,
22 verbose parsed url   hostname: null,
22 verbose parsed url   hash: null,
22 verbose parsed url   search: null,
22 verbose parsed url   query: null,
22 verbose parsed url   pathname: 'grunt-contrib-copy@~0.4.1',
22 verbose parsed url   path: 'grunt-contrib-copy@~0.4.1',
22 verbose parsed url   href: 'grunt-contrib-copy@~0.4.1' }
23 verbose cache add name="grunt-contrib-copy" spec="~0.4.1" args=["grunt-contrib-copy","~0.4.1"]
24 verbose parsed url { protocol: null,
24 verbose parsed url   slashes: null,
24 verbose parsed url   auth: null,
24 verbose parsed url   host: null,
24 verbose parsed url   port: null,
24 verbose parsed url   hostname: null,
24 verbose parsed url   hash: null,
24 verbose parsed url   search: null,
24 verbose parsed url   query: null,
24 verbose parsed url   pathname: '~0.4.1',
24 verbose parsed url   path: '~0.4.1',
24 verbose parsed url   href: '~0.4.1' }
25 verbose addNamed [ 'grunt-contrib-copy', '~0.4.1' ]
26 verbose addNamed [ null, '>=0.4.1- <0.5.0-' ]
27 verbose cache add [ 'grunt-contrib-coffee@~0.7.0', null ]
28 verbose cache add name=undefined spec="grunt-contrib-coffee@~0.7.0" args=["grunt-contrib-coffee@~0.7.0",null]
29 verbose parsed url { protocol: null,
29 verbose parsed url   slashes: null,
29 verbose parsed url   auth: null,
29 verbose parsed url   host: null,
29 verbose parsed url   port: null,
29 verbose parsed url   hostname: null,
29 verbose parsed url   hash: null,
29 verbose parsed url   search: null,
29 verbose parsed url   query: null,
29 verbose parsed url   pathname: 'grunt-contrib-coffee@~0.7.0',
29 verbose parsed url   path: 'grunt-contrib-coffee@~0.7.0',
29 verbose parsed url   href: 'grunt-contrib-coffee@~0.7.0' }
30 verbose cache add name="grunt-contrib-coffee" spec="~0.7.0" args=["grunt-contrib-coffee","~0.7.0"]
31 verbose parsed url { protocol: null,
31 verbose parsed url   slashes: null,
31 verbose parsed url   auth: null,
31 verbose parsed url   host: null,
31 verbose parsed url   port: null,
31 verbose parsed url   hostname: null,
31 verbose parsed url   hash: null,
31 verbose parsed url   search: null,
31 verbose parsed url   query: null,
31 verbose parsed url   pathname: '~0.7.0',
31 verbose parsed url   path: '~0.7.0',
31 verbose parsed url   href: '~0.7.0' }
32 verbose addNamed [ 'grunt-contrib-coffee', '~0.7.0' ]
33 verbose addNamed [ null, '>=0.7.0- <0.8.0-' ]
34 verbose cache add [ 'grunt-contrib-concat@~0.3.0', null ]
35 verbose cache add name=undefined spec="grunt-contrib-concat@~0.3.0" args=["grunt-contrib-concat@~0.3.0",null]
36 verbose parsed url { protocol: null,
36 verbose parsed url   slashes: null,
36 verbose parsed url   auth: null,
36 verbose parsed url   host: null,
36 verbose parsed url   port: null,
36 verbose parsed url   hostname: null,
36 verbose parsed url   hash: null,
36 verbose parsed url   search: null,
36 verbose parsed url   query: null,
36 verbose parsed url   pathname: 'grunt-contrib-concat@~0.3.0',
36 verbose parsed url   path: 'grunt-contrib-concat@~0.3.0',
36 verbose parsed url   href: 'grunt-contrib-concat@~0.3.0' }
37 verbose cache add name="grunt-contrib-concat" spec="~0.3.0" args=["grunt-contrib-concat","~0.3.0"]
38 verbose parsed url { protocol: null,
38 verbose parsed url   slashes: null,
38 verbose parsed url   auth: null,
38 verbose parsed url   host: null,
38 verbose parsed url   port: null,
38 verbose parsed url   hostname: null,
38 verbose parsed url   hash: null,
38 verbose parsed url   search: null,
38 verbose parsed url   query: null,
38 verbose parsed url   pathname: '~0.3.0',
38 verbose parsed url   path: '~0.3.0',
38 verbose parsed url   href: '~0.3.0' }
39 verbose addNamed [ 'grunt-contrib-concat', '~0.3.0' ]
40 verbose addNamed [ null, '>=0.3.0- <0.4.0-' ]
41 verbose cache add [ 'grunt-contrib-uglify@~0.2.0', null ]
42 verbose cache add name=undefined spec="grunt-contrib-uglify@~0.2.0" args=["grunt-contrib-uglify@~0.2.0",null]
43 verbose parsed url { protocol: null,
43 verbose parsed url   slashes: null,
43 verbose parsed url   auth: null,
43 verbose parsed url   host: null,
43 verbose parsed url   port: null,
43 verbose parsed url   hostname: null,
43 verbose parsed url   hash: null,
43 verbose parsed url   search: null,
43 verbose parsed url   query: null,
43 verbose parsed url   pathname: 'grunt-contrib-uglify@~0.2.0',
43 verbose parsed url   path: 'grunt-contrib-uglify@~0.2.0',
43 verbose parsed url   href: 'grunt-contrib-uglify@~0.2.0' }
44 verbose cache add name="grunt-contrib-uglify" spec="~0.2.0" args=["grunt-contrib-uglify","~0.2.0"]
45 verbose parsed url { protocol: null,
45 verbose parsed url   slashes: null,
45 verbose parsed url   auth: null,
45 verbose parsed url   host: null,
45 verbose parsed url   port: null,
45 verbose parsed url   hostname: null,
45 verbose parsed url   hash: null,
45 verbose parsed url   search: null,
45 verbose parsed url   query: null,
45 verbose parsed url   pathname: '~0.2.0',
45 verbose parsed url   path: '~0.2.0',
45 verbose parsed url   href: '~0.2.0' }
46 verbose addNamed [ 'grunt-contrib-uglify', '~0.2.0' ]
47 verbose addNamed [ null, '>=0.2.0- <0.3.0-' ]
48 silly lockFile 766a3bd3-grunt-0-4-1 grunt@~0.4.1
49 verbose lock grunt@~0.4.1 /home/jing/.npm/766a3bd3-grunt-0-4-1.lock
50 silly lockFile c84f658a-grunt-contrib-copy-0-4-1 grunt-contrib-copy@~0.4.1
51 verbose lock grunt-contrib-copy@~0.4.1 /home/jing/.npm/c84f658a-grunt-contrib-copy-0-4-1.lock
52 verbose cache add [ 'grunt-contrib-compass@~0.5.0', null ]
53 verbose cache add name=undefined spec="grunt-contrib-compass@~0.5.0" args=["grunt-contrib-compass@~0.5.0",null]
54 verbose parsed url { protocol: null,
54 verbose parsed url   slashes: null,
54 verbose parsed url   auth: null,
54 verbose parsed url   host: null,
54 verbose parsed url   port: null,
54 verbose parsed url   hostname: null,
54 verbose parsed url   hash: null,
54 verbose parsed url   search: null,
54 verbose parsed url   query: null,
54 verbose parsed url   pathname: 'grunt-contrib-compass@~0.5.0',
54 verbose parsed url   path: 'grunt-contrib-compass@~0.5.0',
54 verbose parsed url   href: 'grunt-contrib-compass@~0.5.0' }
55 verbose cache add name="grunt-contrib-compass" spec="~0.5.0" args=["grunt-contrib-compass","~0.5.0"]
56 verbose parsed url { protocol: null,
56 verbose parsed url   slashes: null,
56 verbose parsed url   auth: null,
56 verbose parsed url   host: null,
56 verbose parsed url   port: null,
56 verbose parsed url   hostname: null,
56 verbose parsed url   hash: null,
56 verbose parsed url   search: null,
56 verbose parsed url   query: null,
56 verbose parsed url   pathname: '~0.5.0',
56 verbose parsed url   path: '~0.5.0',
56 verbose parsed url   href: '~0.5.0' }
57 verbose addNamed [ 'grunt-contrib-compass', '~0.5.0' ]
58 verbose addNamed [ null, '>=0.5.0- <0.6.0-' ]
59 silly lockFile 5f76fad9-grunt-contrib-compass-0-5-0 grunt-contrib-compass@~0.5.0
60 verbose lock grunt-contrib-compass@~0.5.0 /home/jing/.npm/5f76fad9-grunt-contrib-compass-0-5-0.lock
61 verbose cache add [ 'grunt-contrib-jshint@~0.6.3', null ]
62 verbose cache add name=undefined spec="grunt-contrib-jshint@~0.6.3" args=["grunt-contrib-jshint@~0.6.3",null]
63 verbose parsed url { protocol: null,
63 verbose parsed url   slashes: null,
63 verbose parsed url   auth: null,
63 verbose parsed url   host: null,
63 verbose parsed url   port: null,
63 verbose parsed url   hostname: null,
63 verbose parsed url   hash: null,
63 verbose parsed url   search: null,
63 verbose parsed url   query: null,
63 verbose parsed url   pathname: 'grunt-contrib-jshint@~0.6.3',
63 verbose parsed url   path: 'grunt-contrib-jshint@~0.6.3',
63 verbose parsed url   href: 'grunt-contrib-jshint@~0.6.3' }
64 verbose cache add name="grunt-contrib-jshint" spec="~0.6.3" args=["grunt-contrib-jshint","~0.6.3"]
65 verbose parsed url { protocol: null,
65 verbose parsed url   slashes: null,
65 verbose parsed url   auth: null,
65 verbose parsed url   host: null,
65 verbose parsed url   port: null,
65 verbose parsed url   hostname: null,
65 verbose parsed url   hash: null,
65 verbose parsed url   search: null,
65 verbose parsed url   query: null,
65 verbose parsed url   pathname: '~0.6.3',
65 verbose parsed url   path: '~0.6.3',
65 verbose parsed url   href: '~0.6.3' }
66 verbose addNamed [ 'grunt-contrib-jshint', '~0.6.3' ]
67 verbose addNamed [ null, '>=0.6.3- <0.7.0-' ]
68 silly lockFile 6f38214b-grunt-contrib-jshint-0-6-3 grunt-contrib-jshint@~0.6.3
69 verbose lock grunt-contrib-jshint@~0.6.3 /home/jing/.npm/6f38214b-grunt-contrib-jshint-0-6-3.lock
70 verbose cache add [ 'grunt-contrib-cssmin@~0.6.0', null ]
71 verbose cache add name=undefined spec="grunt-contrib-cssmin@~0.6.0" args=["grunt-contrib-cssmin@~0.6.0",null]
72 verbose parsed url { protocol: null,
72 verbose parsed url   slashes: null,
72 verbose parsed url   auth: null,
72 verbose parsed url   host: null,
72 verbose parsed url   port: null,
72 verbose parsed url   hostname: null,
72 verbose parsed url   hash: null,
72 verbose parsed url   search: null,
72 verbose parsed url   query: null,
72 verbose parsed url   pathname: 'grunt-contrib-cssmin@~0.6.0',
72 verbose parsed url   path: 'grunt-contrib-cssmin@~0.6.0',
72 verbose parsed url   href: 'grunt-contrib-cssmin@~0.6.0' }
73 verbose cache add name="grunt-contrib-cssmin" spec="~0.6.0" args=["grunt-contrib-cssmin","~0.6.0"]
74 verbose parsed url { protocol: null,
74 verbose parsed url   slashes: null,
74 verbose parsed url   auth: null,
74 verbose parsed url   host: null,
74 verbose parsed url   port: null,
74 verbose parsed url   hostname: null,
74 verbose parsed url   hash: null,
74 verbose parsed url   search: null,
74 verbose parsed url   query: null,
74 verbose parsed url   pathname: '~0.6.0',
74 verbose parsed url   path: '~0.6.0',
74 verbose parsed url   href: '~0.6.0' }
75 verbose addNamed [ 'grunt-contrib-cssmin', '~0.6.0' ]
76 verbose addNamed [ null, '>=0.6.0- <0.7.0-' ]
77 silly lockFile 681ad0ec-grunt-contrib-cssmin-0-6-0 grunt-contrib-cssmin@~0.6.0
78 verbose lock grunt-contrib-cssmin@~0.6.0 /home/jing/.npm/681ad0ec-grunt-contrib-cssmin-0-6-0.lock
79 silly lockFile 2d9311bb-grunt-contrib-coffee-0-7-0 grunt-contrib-coffee@~0.7.0
80 verbose lock grunt-contrib-coffee@~0.7.0 /home/jing/.npm/2d9311bb-grunt-contrib-coffee-0-7-0.lock
81 silly lockFile 0e44e68e-grunt-contrib-concat-0-3-0 grunt-contrib-concat@~0.3.0
82 verbose lock grunt-contrib-concat@~0.3.0 /home/jing/.npm/0e44e68e-grunt-contrib-concat-0-3-0.lock
83 silly lockFile 2cc6dac2-grunt-contrib-uglify-0-2-0 grunt-contrib-uglify@~0.2.0
84 verbose lock grunt-contrib-uglify@~0.2.0 /home/jing/.npm/2cc6dac2-grunt-contrib-uglify-0-2-0.lock
85 verbose cache add [ 'grunt-contrib-connect@~0.5.0', null ]
86 verbose cache add name=undefined spec="grunt-contrib-connect@~0.5.0" args=["grunt-contrib-connect@~0.5.0",null]
87 verbose parsed url { protocol: null,
87 verbose parsed url   slashes: null,
87 verbose parsed url   auth: null,
87 verbose parsed url   host: null,
87 verbose parsed url   port: null,
87 verbose parsed url   hostname: null,
87 verbose parsed url   hash: null,
87 verbose parsed url   search: null,
87 verbose parsed url   query: null,
87 verbose parsed url   pathname: 'grunt-contrib-connect@~0.5.0',
87 verbose parsed url   path: 'grunt-contrib-connect@~0.5.0',
87 verbose parsed url   href: 'grunt-contrib-connect@~0.5.0' }
88 verbose cache add name="grunt-contrib-connect" spec="~0.5.0" args=["grunt-contrib-connect","~0.5.0"]
89 verbose parsed url { protocol: null,
89 verbose parsed url   slashes: null,
89 verbose parsed url   auth: null,
89 verbose parsed url   host: null,
89 verbose parsed url   port: null,
89 verbose parsed url   hostname: null,
89 verbose parsed url   hash: null,
89 verbose parsed url   search: null,
89 verbose parsed url   query: null,
89 verbose parsed url   pathname: '~0.5.0',
89 verbose parsed url   path: '~0.5.0',
89 verbose parsed url   href: '~0.5.0' }
90 verbose addNamed [ 'grunt-contrib-connect', '~0.5.0' ]
91 verbose addNamed [ null, '>=0.5.0- <0.6.0-' ]
92 silly lockFile bc7bae3b-grunt-contrib-connect-0-5-0 grunt-contrib-connect@~0.5.0
93 verbose lock grunt-contrib-connect@~0.5.0 /home/jing/.npm/bc7bae3b-grunt-contrib-connect-0-5-0.lock
94 verbose cache add [ 'grunt-contrib-clean@~0.5.0', null ]
95 verbose cache add name=undefined spec="grunt-contrib-clean@~0.5.0" args=["grunt-contrib-clean@~0.5.0",null]
96 verbose parsed url { protocol: null,
96 verbose parsed url   slashes: null,
96 verbose parsed url   auth: null,
96 verbose parsed url   host: null,
96 verbose parsed url   port: null,
96 verbose parsed url   hostname: null,
96 verbose parsed url   hash: null,
96 verbose parsed url   search: null,
96 verbose parsed url   query: null,
96 verbose parsed url   pathname: 'grunt-contrib-clean@~0.5.0',
96 verbose parsed url   path: 'grunt-contrib-clean@~0.5.0',
96 verbose parsed url   href: 'grunt-contrib-clean@~0.5.0' }
97 verbose cache add name="grunt-contrib-clean" spec="~0.5.0" args=["grunt-contrib-clean","~0.5.0"]
98 verbose parsed url { protocol: null,
98 verbose parsed url   slashes: null,
98 verbose parsed url   auth: null,
98 verbose parsed url   host: null,
98 verbose parsed url   port: null,
98 verbose parsed url   hostname: null,
98 verbose parsed url   hash: null,
98 verbose parsed url   search: null,
98 verbose parsed url   query: null,
98 verbose parsed url   pathname: '~0.5.0',
98 verbose parsed url   path: '~0.5.0',
98 verbose parsed url   href: '~0.5.0' }
99 verbose addNamed [ 'grunt-contrib-clean', '~0.5.0' ]
100 verbose addNamed [ null, '>=0.5.0- <0.6.0-' ]
101 silly lockFile 83f743bc-grunt-contrib-clean-0-5-0 grunt-contrib-clean@~0.5.0
102 verbose lock grunt-contrib-clean@~0.5.0 /home/jing/.npm/83f743bc-grunt-contrib-clean-0-5-0.lock
103 verbose cache add [ 'grunt-contrib-htmlmin@~0.1.3', null ]
104 verbose cache add name=undefined spec="grunt-contrib-htmlmin@~0.1.3" args=["grunt-contrib-htmlmin@~0.1.3",null]
105 verbose parsed url { protocol: null,
105 verbose parsed url   slashes: null,
105 verbose parsed url   auth: null,
105 verbose parsed url   host: null,
105 verbose parsed url   port: null,
105 verbose parsed url   hostname: null,
105 verbose parsed url   hash: null,
105 verbose parsed url   search: null,
105 verbose parsed url   query: null,
105 verbose parsed url   pathname: 'grunt-contrib-htmlmin@~0.1.3',
105 verbose parsed url   path: 'grunt-contrib-htmlmin@~0.1.3',
105 verbose parsed url   href: 'grunt-contrib-htmlmin@~0.1.3' }
106 verbose cache add name="grunt-contrib-htmlmin" spec="~0.1.3" args=["grunt-contrib-htmlmin","~0.1.3"]
107 verbose parsed url { protocol: null,
107 verbose parsed url   slashes: null,
107 verbose parsed url   auth: null,
107 verbose parsed url   host: null,
107 verbose parsed url   port: null,
107 verbose parsed url   hostname: null,
107 verbose parsed url   hash: null,
107 verbose parsed url   search: null,
107 verbose parsed url   query: null,
107 verbose parsed url   pathname: '~0.1.3',
107 verbose parsed url   path: '~0.1.3',
107 verbose parsed url   href: '~0.1.3' }
108 verbose addNamed [ 'grunt-contrib-htmlmin', '~0.1.3' ]
109 verbose addNamed [ null, '>=0.1.3- <0.2.0-' ]
110 silly lockFile 2f1223f9-grunt-contrib-htmlmin-0-1-3 grunt-contrib-htmlmin@~0.1.3
111 verbose lock grunt-contrib-htmlmin@~0.1.3 /home/jing/.npm/2f1223f9-grunt-contrib-htmlmin-0-1-3.lock
112 verbose cache add [ 'grunt-bower-requirejs@~0.7.0', null ]
113 verbose cache add name=undefined spec="grunt-bower-requirejs@~0.7.0" args=["grunt-bower-requirejs@~0.7.0",null]
114 verbose parsed url { protocol: null,
114 verbose parsed url   slashes: null,
114 verbose parsed url   auth: null,
114 verbose parsed url   host: null,
114 verbose parsed url   port: null,
114 verbose parsed url   hostname: null,
114 verbose parsed url   hash: null,
114 verbose parsed url   search: null,
114 verbose parsed url   query: null,
114 verbose parsed url   pathname: 'grunt-bower-requirejs@~0.7.0',
114 verbose parsed url   path: 'grunt-bower-requirejs@~0.7.0',
114 verbose parsed url   href: 'grunt-bower-requirejs@~0.7.0' }
115 verbose cache add name="grunt-bower-requirejs" spec="~0.7.0" args=["grunt-bower-requirejs","~0.7.0"]
116 verbose parsed url { protocol: null,
116 verbose parsed url   slashes: null,
116 verbose parsed url   auth: null,
116 verbose parsed url   host: null,
116 verbose parsed url   port: null,
116 verbose parsed url   hostname: null,
116 verbose parsed url   hash: null,
116 verbose parsed url   search: null,
116 verbose parsed url   query: null,
116 verbose parsed url   pathname: '~0.7.0',
116 verbose parsed url   path: '~0.7.0',
116 verbose parsed url   href: '~0.7.0' }
117 verbose addNamed [ 'grunt-bower-requirejs', '~0.7.0' ]
118 verbose addNamed [ null, '>=0.7.0- <0.8.0-' ]
119 silly lockFile 5e6f0d65-grunt-bower-requirejs-0-7-0 grunt-bower-requirejs@~0.7.0
120 verbose lock grunt-bower-requirejs@~0.7.0 /home/jing/.npm/5e6f0d65-grunt-bower-requirejs-0-7-0.lock
121 verbose cache add [ 'grunt-contrib-requirejs@~0.4.1', null ]
122 verbose cache add name=undefined spec="grunt-contrib-requirejs@~0.4.1" args=["grunt-contrib-requirejs@~0.4.1",null]
123 verbose parsed url { protocol: null,
123 verbose parsed url   slashes: null,
123 verbose parsed url   auth: null,
123 verbose parsed url   host: null,
123 verbose parsed url   port: null,
123 verbose parsed url   hostname: null,
123 verbose parsed url   hash: null,
123 verbose parsed url   search: null,
123 verbose parsed url   query: null,
123 verbose parsed url   pathname: 'grunt-contrib-requirejs@~0.4.1',
123 verbose parsed url   path: 'grunt-contrib-requirejs@~0.4.1',
123 verbose parsed url   href: 'grunt-contrib-requirejs@~0.4.1' }
124 verbose cache add name="grunt-contrib-requirejs" spec="~0.4.1" args=["grunt-contrib-requirejs","~0.4.1"]
125 verbose parsed url { protocol: null,
125 verbose parsed url   slashes: null,
125 verbose parsed url   auth: null,
125 verbose parsed url   host: null,
125 verbose parsed url   port: null,
125 verbose parsed url   hostname: null,
125 verbose parsed url   hash: null,
125 verbose parsed url   search: null,
125 verbose parsed url   query: null,
125 verbose parsed url   pathname: '~0.4.1',
125 verbose parsed url   path: '~0.4.1',
125 verbose parsed url   href: '~0.4.1' }
126 verbose addNamed [ 'grunt-contrib-requirejs', '~0.4.1' ]
127 verbose addNamed [ null, '>=0.4.1- <0.5.0-' ]
128 silly lockFile 334939f7-grunt-contrib-requirejs-0-4-1 grunt-contrib-requirejs@~0.4.1
129 verbose lock grunt-contrib-requirejs@~0.4.1 /home/jing/.npm/334939f7-grunt-contrib-requirejs-0-4-1.lock
130 verbose cache add [ 'grunt-contrib-imagemin@~0.2.0', null ]
131 verbose cache add name=undefined spec="grunt-contrib-imagemin@~0.2.0" args=["grunt-contrib-imagemin@~0.2.0",null]
132 verbose parsed url { protocol: null,
132 verbose parsed url   slashes: null,
132 verbose parsed url   auth: null,
132 verbose parsed url   host: null,
132 verbose parsed url   port: null,
132 verbose parsed url   hostname: null,
132 verbose parsed url   hash: null,
132 verbose parsed url   search: null,
132 verbose parsed url   query: null,
132 verbose parsed url   pathname: 'grunt-contrib-imagemin@~0.2.0',
132 verbose parsed url   path: 'grunt-contrib-imagemin@~0.2.0',
132 verbose parsed url   href: 'grunt-contrib-imagemin@~0.2.0' }
133 verbose cache add name="grunt-contrib-imagemin" spec="~0.2.0" args=["grunt-contrib-imagemin","~0.2.0"]
134 verbose parsed url { protocol: null,
134 verbose parsed url   slashes: null,
134 verbose parsed url   auth: null,
134 verbose parsed url   host: null,
134 verbose parsed url   port: null,
134 verbose parsed url   hostname: null,
134 verbose parsed url   hash: null,
134 verbose parsed url   search: null,
134 verbose parsed url   query: null,
134 verbose parsed url   pathname: '~0.2.0',
134 verbose parsed url   path: '~0.2.0',
134 verbose parsed url   href: '~0.2.0' }
135 verbose addNamed [ 'grunt-contrib-imagemin', '~0.2.0' ]
136 verbose addNamed [ null, '>=0.2.0- <0.3.0-' ]
137 silly lockFile 65f7368c-grunt-contrib-imagemin-0-2-0 grunt-contrib-imagemin@~0.2.0
138 verbose lock grunt-contrib-imagemin@~0.2.0 /home/jing/.npm/65f7368c-grunt-contrib-imagemin-0-2-0.lock
139 verbose cache add [ 'grunt-contrib-watch@~0.5.2', null ]
140 verbose cache add name=undefined spec="grunt-contrib-watch@~0.5.2" args=["grunt-contrib-watch@~0.5.2",null]
141 verbose parsed url { protocol: null,
141 verbose parsed url   slashes: null,
141 verbose parsed url   auth: null,
141 verbose parsed url   host: null,
141 verbose parsed url   port: null,
141 verbose parsed url   hostname: null,
141 verbose parsed url   hash: null,
141 verbose parsed url   search: null,
141 verbose parsed url   query: null,
141 verbose parsed url   pathname: 'grunt-contrib-watch@~0.5.2',
141 verbose parsed url   path: 'grunt-contrib-watch@~0.5.2',
141 verbose parsed url   href: 'grunt-contrib-watch@~0.5.2' }
142 verbose cache add name="grunt-contrib-watch" spec="~0.5.2" args=["grunt-contrib-watch","~0.5.2"]
143 verbose parsed url { protocol: null,
143 verbose parsed url   slashes: null,
143 verbose parsed url   auth: null,
143 verbose parsed url   host: null,
143 verbose parsed url   port: null,
143 verbose parsed url   hostname: null,
143 verbose parsed url   hash: null,
143 verbose parsed url   search: null,
143 verbose parsed url   query: null,
143 verbose parsed url   pathname: '~0.5.2',
143 verbose parsed url   path: '~0.5.2',
143 verbose parsed url   href: '~0.5.2' }
144 verbose addNamed [ 'grunt-contrib-watch', '~0.5.2' ]
145 verbose addNamed [ null, '>=0.5.2- <0.6.0-' ]
146 silly lockFile a6069a13-grunt-contrib-watch-0-5-2 grunt-contrib-watch@~0.5.2
147 verbose lock grunt-contrib-watch@~0.5.2 /home/jing/.npm/a6069a13-grunt-contrib-watch-0-5-2.lock
148 verbose cache add [ 'grunt-rev@~0.1.0', null ]
149 verbose cache add name=undefined spec="grunt-rev@~0.1.0" args=["grunt-rev@~0.1.0",null]
150 verbose parsed url { protocol: null,
150 verbose parsed url   slashes: null,
150 verbose parsed url   auth: null,
150 verbose parsed url   host: null,
150 verbose parsed url   port: null,
150 verbose parsed url   hostname: null,
150 verbose parsed url   hash: null,
150 verbose parsed url   search: null,
150 verbose parsed url   query: null,
150 verbose parsed url   pathname: 'grunt-rev@~0.1.0',
150 verbose parsed url   path: 'grunt-rev@~0.1.0',
150 verbose parsed url   href: 'grunt-rev@~0.1.0' }
151 verbose cache add name="grunt-rev" spec="~0.1.0" args=["grunt-rev","~0.1.0"]
152 verbose parsed url { protocol: null,
152 verbose parsed url   slashes: null,
152 verbose parsed url   auth: null,
152 verbose parsed url   host: null,
152 verbose parsed url   port: null,
152 verbose parsed url   hostname: null,
152 verbose parsed url   hash: null,
152 verbose parsed url   search: null,
152 verbose parsed url   query: null,
152 verbose parsed url   pathname: '~0.1.0',
152 verbose parsed url   path: '~0.1.0',
152 verbose parsed url   href: '~0.1.0' }
153 verbose addNamed [ 'grunt-rev', '~0.1.0' ]
154 verbose addNamed [ null, '>=0.1.0- <0.2.0-' ]
155 silly lockFile a3a49760-grunt-rev-0-1-0 grunt-rev@~0.1.0
156 verbose lock grunt-rev@~0.1.0 /home/jing/.npm/a3a49760-grunt-rev-0-1-0.lock
157 verbose cache add [ 'grunt-autoprefixer@~0.2.0', null ]
158 verbose cache add name=undefined spec="grunt-autoprefixer@~0.2.0" args=["grunt-autoprefixer@~0.2.0",null]
159 verbose parsed url { protocol: null,
159 verbose parsed url   slashes: null,
159 verbose parsed url   auth: null,
159 verbose parsed url   host: null,
159 verbose parsed url   port: null,
159 verbose parsed url   hostname: null,
159 verbose parsed url   hash: null,
159 verbose parsed url   search: null,
159 verbose parsed url   query: null,
159 verbose parsed url   pathname: 'grunt-autoprefixer@~0.2.0',
159 verbose parsed url   path: 'grunt-autoprefixer@~0.2.0',
159 verbose parsed url   href: 'grunt-autoprefixer@~0.2.0' }
160 verbose cache add name="grunt-autoprefixer" spec="~0.2.0" args=["grunt-autoprefixer","~0.2.0"]
161 verbose parsed url { protocol: null,
161 verbose parsed url   slashes: null,
161 verbose parsed url   auth: null,
161 verbose parsed url   host: null,
161 verbose parsed url   port: null,
161 verbose parsed url   hostname: null,
161 verbose parsed url   hash: null,
161 verbose parsed url   search: null,
161 verbose parsed url   query: null,
161 verbose parsed url   pathname: '~0.2.0',
161 verbose parsed url   path: '~0.2.0',
161 verbose parsed url   href: '~0.2.0' }
162 verbose addNamed [ 'grunt-autoprefixer', '~0.2.0' ]
163 verbose addNamed [ null, '>=0.2.0- <0.3.0-' ]
164 silly lockFile 312b1bea-grunt-autoprefixer-0-2-0 grunt-autoprefixer@~0.2.0
165 verbose lock grunt-autoprefixer@~0.2.0 /home/jing/.npm/312b1bea-grunt-autoprefixer-0-2-0.lock
166 verbose cache add [ 'grunt-usemin@~0.1.10', null ]
167 verbose cache add name=undefined spec="grunt-usemin@~0.1.10" args=["grunt-usemin@~0.1.10",null]
168 verbose parsed url { protocol: null,
168 verbose parsed url   slashes: null,
168 verbose parsed url   auth: null,
168 verbose parsed url   host: null,
168 verbose parsed url   port: null,
168 verbose parsed url   hostname: null,
168 verbose parsed url   hash: null,
168 verbose parsed url   search: null,
168 verbose parsed url   query: null,
168 verbose parsed url   pathname: 'grunt-usemin@~0.1.10',
168 verbose parsed url   path: 'grunt-usemin@~0.1.10',
168 verbose parsed url   href: 'grunt-usemin@~0.1.10' }
169 verbose cache add name="grunt-usemin" spec="~0.1.10" args=["grunt-usemin","~0.1.10"]
170 verbose parsed url { protocol: null,
170 verbose parsed url   slashes: null,
170 verbose parsed url   auth: null,
170 verbose parsed url   host: null,
170 verbose parsed url   port: null,
170 verbose parsed url   hostname: null,
170 verbose parsed url   hash: null,
170 verbose parsed url   search: null,
170 verbose parsed url   query: null,
170 verbose parsed url   pathname: '~0.1.10',
170 verbose parsed url   path: '~0.1.10',
170 verbose parsed url   href: '~0.1.10' }
171 verbose addNamed [ 'grunt-usemin', '~0.1.10' ]
172 verbose addNamed [ null, '>=0.1.10- <0.2.0-' ]
173 silly lockFile 9870b616-grunt-usemin-0-1-10 grunt-usemin@~0.1.10
174 verbose lock grunt-usemin@~0.1.10 /home/jing/.npm/9870b616-grunt-usemin-0-1-10.lock
175 verbose cache add [ 'grunt-mocha@~0.4.0', null ]
176 verbose cache add name=undefined spec="grunt-mocha@~0.4.0" args=["grunt-mocha@~0.4.0",null]
177 verbose parsed url { protocol: null,
177 verbose parsed url   slashes: null,
177 verbose parsed url   auth: null,
177 verbose parsed url   host: null,
177 verbose parsed url   port: null,
177 verbose parsed url   hostname: null,
177 verbose parsed url   hash: null,
177 verbose parsed url   search: null,
177 verbose parsed url   query: null,
177 verbose parsed url   pathname: 'grunt-mocha@~0.4.0',
177 verbose parsed url   path: 'grunt-mocha@~0.4.0',
177 verbose parsed url   href: 'grunt-mocha@~0.4.0' }
178 verbose cache add name="grunt-mocha" spec="~0.4.0" args=["grunt-mocha","~0.4.0"]
179 verbose parsed url { protocol: null,
179 verbose parsed url   slashes: null,
179 verbose parsed url   auth: null,
179 verbose parsed url   host: null,
179 verbose parsed url   port: null,
179 verbose parsed url   hostname: null,
179 verbose parsed url   hash: null,
179 verbose parsed url   search: null,
179 verbose parsed url   query: null,
179 verbose parsed url   pathname: '~0.4.0',
179 verbose parsed url   path: '~0.4.0',
179 verbose parsed url   href: '~0.4.0' }
180 verbose addNamed [ 'grunt-mocha', '~0.4.0' ]
181 verbose addNamed [ null, '>=0.4.0- <0.5.0-' ]
182 silly lockFile 4854fb45-grunt-mocha-0-4-0 grunt-mocha@~0.4.0
183 verbose lock grunt-mocha@~0.4.0 /home/jing/.npm/4854fb45-grunt-mocha-0-4-0.lock
184 verbose cache add [ 'grunt-modernizr@~0.3.0', null ]
185 verbose cache add name=undefined spec="grunt-modernizr@~0.3.0" args=["grunt-modernizr@~0.3.0",null]
186 verbose parsed url { protocol: null,
186 verbose parsed url   slashes: null,
186 verbose parsed url   auth: null,
186 verbose parsed url   host: null,
186 verbose parsed url   port: null,
186 verbose parsed url   hostname: null,
186 verbose parsed url   hash: null,
186 verbose parsed url   search: null,
186 verbose parsed url   query: null,
186 verbose parsed url   pathname: 'grunt-modernizr@~0.3.0',
186 verbose parsed url   path: 'grunt-modernizr@~0.3.0',
186 verbose parsed url   href: 'grunt-modernizr@~0.3.0' }
187 verbose cache add name="grunt-modernizr" spec="~0.3.0" args=["grunt-modernizr","~0.3.0"]
188 verbose parsed url { protocol: null,
188 verbose parsed url   slashes: null,
188 verbose parsed url   auth: null,
188 verbose parsed url   host: null,
188 verbose parsed url   port: null,
188 verbose parsed url   hostname: null,
188 verbose parsed url   hash: null,
188 verbose parsed url   search: null,
188 verbose parsed url   query: null,
188 verbose parsed url   pathname: '~0.3.0',
188 verbose parsed url   path: '~0.3.0',
188 verbose parsed url   href: '~0.3.0' }
189 verbose addNamed [ 'grunt-modernizr', '~0.3.0' ]
190 verbose addNamed [ null, '>=0.3.0- <0.4.0-' ]
191 silly lockFile dc61ec22-grunt-modernizr-0-3-0 grunt-modernizr@~0.3.0
192 verbose lock grunt-modernizr@~0.3.0 /home/jing/.npm/dc61ec22-grunt-modernizr-0-3-0.lock
193 verbose cache add [ 'grunt-svgmin@~0.2.0', null ]
194 verbose cache add name=undefined spec="grunt-svgmin@~0.2.0" args=["grunt-svgmin@~0.2.0",null]
195 verbose parsed url { protocol: null,
195 verbose parsed url   slashes: null,
195 verbose parsed url   auth: null,
195 verbose parsed url   host: null,
195 verbose parsed url   port: null,
195 verbose parsed url   hostname: null,
195 verbose parsed url   hash: null,
195 verbose parsed url   search: null,
195 verbose parsed url   query: null,
195 verbose parsed url   pathname: 'grunt-svgmin@~0.2.0',
195 verbose parsed url   path: 'grunt-svgmin@~0.2.0',
195 verbose parsed url   href: 'grunt-svgmin@~0.2.0' }
196 verbose cache add name="grunt-svgmin" spec="~0.2.0" args=["grunt-svgmin","~0.2.0"]
197 verbose parsed url { protocol: null,
197 verbose parsed url   slashes: null,
197 verbose parsed url   auth: null,
197 verbose parsed url   host: null,
197 verbose parsed url   port: null,
197 verbose parsed url   hostname: null,
197 verbose parsed url   hash: null,
197 verbose parsed url   search: null,
197 verbose parsed url   query: null,
197 verbose parsed url   pathname: '~0.2.0',
197 verbose parsed url   path: '~0.2.0',
197 verbose parsed url   href: '~0.2.0' }
198 verbose addNamed [ 'grunt-svgmin', '~0.2.0' ]
199 verbose addNamed [ null, '>=0.2.0- <0.3.0-' ]
200 silly lockFile fefef466-grunt-svgmin-0-2-0 grunt-svgmin@~0.2.0
201 verbose lock grunt-svgmin@~0.2.0 /home/jing/.npm/fefef466-grunt-svgmin-0-2-0.lock
202 verbose cache add [ 'grunt-concurrent@~0.3.0', null ]
203 verbose cache add name=undefined spec="grunt-concurrent@~0.3.0" args=["grunt-concurrent@~0.3.0",null]
204 verbose parsed url { protocol: null,
204 verbose parsed url   slashes: null,
204 verbose parsed url   auth: null,
204 verbose parsed url   host: null,
204 verbose parsed url   port: null,
204 verbose parsed url   hostname: null,
204 verbose parsed url   hash: null,
204 verbose parsed url   search: null,
204 verbose parsed url   query: null,
204 verbose parsed url   pathname: 'grunt-concurrent@~0.3.0',
204 verbose parsed url   path: 'grunt-concurrent@~0.3.0',
204 verbose parsed url   href: 'grunt-concurrent@~0.3.0' }
205 verbose cache add name="grunt-concurrent" spec="~0.3.0" args=["grunt-concurrent","~0.3.0"]
206 verbose parsed url { protocol: null,
206 verbose parsed url   slashes: null,
206 verbose parsed url   auth: null,
206 verbose parsed url   host: null,
206 verbose parsed url   port: null,
206 verbose parsed url   hostname: null,
206 verbose parsed url   hash: null,
206 verbose parsed url   search: null,
206 verbose parsed url   query: null,
206 verbose parsed url   pathname: '~0.3.0',
206 verbose parsed url   path: '~0.3.0',
206 verbose parsed url   href: '~0.3.0' }
207 verbose addNamed [ 'grunt-concurrent', '~0.3.0' ]
208 verbose addNamed [ null, '>=0.3.0- <0.4.0-' ]
209 silly lockFile 339cc45a-grunt-concurrent-0-3-0 grunt-concurrent@~0.3.0
210 verbose lock grunt-concurrent@~0.3.0 /home/jing/.npm/339cc45a-grunt-concurrent-0-3-0.lock
211 verbose cache add [ 'load-grunt-tasks@~0.1.0', null ]
212 verbose cache add name=undefined spec="load-grunt-tasks@~0.1.0" args=["load-grunt-tasks@~0.1.0",null]
213 verbose parsed url { protocol: null,
213 verbose parsed url   slashes: null,
213 verbose parsed url   auth: null,
213 verbose parsed url   host: null,
213 verbose parsed url   port: null,
213 verbose parsed url   hostname: null,
213 verbose parsed url   hash: null,
213 verbose parsed url   search: null,
213 verbose parsed url   query: null,
213 verbose parsed url   pathname: 'load-grunt-tasks@~0.1.0',
213 verbose parsed url   path: 'load-grunt-tasks@~0.1.0',
213 verbose parsed url   href: 'load-grunt-tasks@~0.1.0' }
214 verbose cache add name="load-grunt-tasks" spec="~0.1.0" args=["load-grunt-tasks","~0.1.0"]
215 verbose parsed url { protocol: null,
215 verbose parsed url   slashes: null,
215 verbose parsed url   auth: null,
215 verbose parsed url   host: null,
215 verbose parsed url   port: null,
215 verbose parsed url   hostname: null,
215 verbose parsed url   hash: null,
215 verbose parsed url   search: null,
215 verbose parsed url   query: null,
215 verbose parsed url   pathname: '~0.1.0',
215 verbose parsed url   path: '~0.1.0',
215 verbose parsed url   href: '~0.1.0' }
216 verbose addNamed [ 'load-grunt-tasks', '~0.1.0' ]
217 verbose addNamed [ null, '>=0.1.0- <0.2.0-' ]
218 silly lockFile b165efd2-load-grunt-tasks-0-1-0 load-grunt-tasks@~0.1.0
219 verbose lock load-grunt-tasks@~0.1.0 /home/jing/.npm/b165efd2-load-grunt-tasks-0-1-0.lock
220 verbose cache add [ 'time-grunt@~0.1.1', null ]
221 verbose cache add name=undefined spec="time-grunt@~0.1.1" args=["time-grunt@~0.1.1",null]
222 verbose parsed url { protocol: null,
222 verbose parsed url   slashes: null,
222 verbose parsed url   auth: null,
222 verbose parsed url   host: null,
222 verbose parsed url   port: null,
222 verbose parsed url   hostname: null,
222 verbose parsed url   hash: null,
222 verbose parsed url   search: null,
222 verbose parsed url   query: null,
222 verbose parsed url   pathname: 'time-grunt@~0.1.1',
222 verbose parsed url   path: 'time-grunt@~0.1.1',
222 verbose parsed url   href: 'time-grunt@~0.1.1' }
223 verbose cache add name="time-grunt" spec="~0.1.1" args=["time-grunt","~0.1.1"]
224 verbose parsed url { protocol: null,
224 verbose parsed url   slashes: null,
224 verbose parsed url   auth: null,
224 verbose parsed url   host: null,
224 verbose parsed url   port: null,
224 verbose parsed url   hostname: null,
224 verbose parsed url   hash: null,
224 verbose parsed url   search: null,
224 verbose parsed url   query: null,
224 verbose parsed url   pathname: '~0.1.1',
224 verbose parsed url   path: '~0.1.1',
224 verbose parsed url   href: '~0.1.1' }
225 verbose addNamed [ 'time-grunt', '~0.1.1' ]
226 verbose addNamed [ null, '>=0.1.1- <0.2.0-' ]
227 silly lockFile e8d3c500-time-grunt-0-1-1 time-grunt@~0.1.1
228 verbose lock time-grunt@~0.1.1 /home/jing/.npm/e8d3c500-time-grunt-0-1-1.lock
229 silly addNameRange { name: 'grunt', range: '>=0.4.1- <0.5.0-', hasData: false }
230 silly addNameRange { name: 'grunt-contrib-copy',
230 silly addNameRange   range: '>=0.4.1- <0.5.0-',
230 silly addNameRange   hasData: false }
231 silly addNameRange { name: 'grunt-contrib-compass',
231 silly addNameRange   range: '>=0.5.0- <0.6.0-',
231 silly addNameRange   hasData: false }
232 silly addNameRange { name: 'grunt-contrib-jshint',
232 silly addNameRange   range: '>=0.6.3- <0.7.0-',
232 silly addNameRange   hasData: false }
233 silly addNameRange { name: 'grunt-contrib-cssmin',
233 silly addNameRange   range: '>=0.6.0- <0.7.0-',
233 silly addNameRange   hasData: false }
234 verbose url raw grunt
235 verbose url resolving [ 'https://registry.npmjs.org/', './grunt' ]
236 verbose url resolved https://registry.npmjs.org/grunt
237 info trying registry request attempt 1 at 00:09:05
238 http GET https://registry.npmjs.org/grunt
239 verbose url raw grunt-contrib-copy
240 verbose url resolving [ 'https://registry.npmjs.org/', './grunt-contrib-copy' ]
241 verbose url resolved https://registry.npmjs.org/grunt-contrib-copy
242 info trying registry request attempt 1 at 00:09:05
243 http GET https://registry.npmjs.org/grunt-contrib-copy
244 silly addNameRange { name: 'grunt-contrib-coffee',
244 silly addNameRange   range: '>=0.7.0- <0.8.0-',
244 silly addNameRange   hasData: false }
245 silly addNameRange { name: 'grunt-contrib-concat',
245 silly addNameRange   range: '>=0.3.0- <0.4.0-',
245 silly addNameRange   hasData: false }
246 silly addNameRange { name: 'grunt-contrib-uglify',
246 silly addNameRange   range: '>=0.2.0- <0.3.0-',
246 silly addNameRange   hasData: false }
247 verbose url raw grunt-contrib-compass
248 verbose url resolving [ 'https://registry.npmjs.org/', './grunt-contrib-compass' ]
249 verbose url resolved https://registry.npmjs.org/grunt-contrib-compass
250 info trying registry request attempt 1 at 00:09:05
251 http GET https://registry.npmjs.org/grunt-contrib-compass
252 verbose url raw grunt-contrib-jshint
253 verbose url resolving [ 'https://registry.npmjs.org/', './grunt-contrib-jshint' ]
254 verbose url resolved https://registry.npmjs.org/grunt-contrib-jshint
255 info trying registry request attempt 1 at 00:09:05
256 http GET https://registry.npmjs.org/grunt-contrib-jshint
257 verbose url raw grunt-contrib-cssmin
258 verbose url resolving [ 'https://registry.npmjs.org/', './grunt-contrib-cssmin' ]
259 verbose url resolved https://registry.npmjs.org/grunt-contrib-cssmin
260 info trying registry request attempt 1 at 00:09:05
261 http GET https://registry.npmjs.org/grunt-contrib-cssmin
262 silly addNameRange { name: 'grunt-contrib-connect',
262 silly addNameRange   range: '>=0.5.0- <0.6.0-',
262 silly addNameRange   hasData: false }
263 silly addNameRange { name: 'grunt-contrib-clean',
263 silly addNameRange   range: '>=0.5.0- <0.6.0-',
263 silly addNameRange   hasData: false }
264 silly addNameRange { name: 'grunt-contrib-htmlmin',
264 silly addNameRange   range: '>=0.1.3- <0.2.0-',
264 silly addNameRange   hasData: false }
265 silly addNameRange { name: 'grunt-bower-requirejs',
265 silly addNameRange   range: '>=0.7.0- <0.8.0-',
265 silly addNameRange   hasData: false }
266 silly addNameRange { name: 'grunt-contrib-requirejs',
266 silly addNameRange   range: '>=0.4.1- <0.5.0-',
266 silly addNameRange   hasData: false }
267 silly addNameRange { name: 'grunt-contrib-imagemin',
267 silly addNameRange   range: '>=0.2.0- <0.3.0-',
267 silly addNameRange   hasData: false }
268 verbose url raw grunt-contrib-coffee
269 verbose url resolving [ 'https://registry.npmjs.org/', './grunt-contrib-coffee' ]
270 verbose url resolved https://registry.npmjs.org/grunt-contrib-coffee
271 info trying registry request attempt 1 at 00:09:05
272 http GET https://registry.npmjs.org/grunt-contrib-coffee
273 verbose url raw grunt-contrib-concat
274 verbose url resolving [ 'https://registry.npmjs.org/', './grunt-contrib-concat' ]
275 verbose url resolved https://registry.npmjs.org/grunt-contrib-concat
276 info trying registry request attempt 1 at 00:09:05
277 http GET https://registry.npmjs.org/grunt-contrib-concat
278 verbose url raw grunt-contrib-uglify
279 verbose url resolving [ 'https://registry.npmjs.org/', './grunt-contrib-uglify' ]
280 verbose url resolved https://registry.npmjs.org/grunt-contrib-uglify
281 info trying registry request attempt 1 at 00:09:05
282 http GET https://registry.npmjs.org/grunt-contrib-uglify
283 verbose url raw grunt-contrib-connect
284 verbose url resolving [ 'https://registry.npmjs.org/', './grunt-contrib-connect' ]
285 verbose url resolved https://registry.npmjs.org/grunt-contrib-connect
286 info trying registry request attempt 1 at 00:09:05
287 http GET https://registry.npmjs.org/grunt-contrib-connect
288 verbose url raw grunt-contrib-clean
289 verbose url resolving [ 'https://registry.npmjs.org/', './grunt-contrib-clean' ]
290 verbose url resolved https://registry.npmjs.org/grunt-contrib-clean
291 info trying registry request attempt 1 at 00:09:05
292 http GET https://registry.npmjs.org/grunt-contrib-clean
293 verbose url raw grunt-contrib-htmlmin
294 verbose url resolving [ 'https://registry.npmjs.org/', './grunt-contrib-htmlmin' ]
295 verbose url resolved https://registry.npmjs.org/grunt-contrib-htmlmin
296 info trying registry request attempt 1 at 00:09:05
297 http GET https://registry.npmjs.org/grunt-contrib-htmlmin
298 verbose url raw grunt-bower-requirejs
299 verbose url resolving [ 'https://registry.npmjs.org/', './grunt-bower-requirejs' ]
300 verbose url resolved https://registry.npmjs.org/grunt-bower-requirejs
301 info trying registry request attempt 1 at 00:09:05
302 http GET https://registry.npmjs.org/grunt-bower-requirejs
303 verbose url raw grunt-contrib-requirejs
304 verbose url resolving [ 'https://registry.npmjs.org/', './grunt-contrib-requirejs' ]
305 verbose url resolved https://registry.npmjs.org/grunt-contrib-requirejs
306 info trying registry request attempt 1 at 00:09:05
307 http GET https://registry.npmjs.org/grunt-contrib-requirejs
308 verbose url raw grunt-contrib-imagemin
309 verbose url resolving [ 'https://registry.npmjs.org/', './grunt-contrib-imagemin' ]
310 verbose url resolved https://registry.npmjs.org/grunt-contrib-imagemin
311 info trying registry request attempt 1 at 00:09:05
312 http GET https://registry.npmjs.org/grunt-contrib-imagemin
313 silly addNameRange { name: 'grunt-contrib-watch',
313 silly addNameRange   range: '>=0.5.2- <0.6.0-',
313 silly addNameRange   hasData: false }
314 silly addNameRange { name: 'grunt-rev', range: '>=0.1.0- <0.2.0-', hasData: false }
315 silly addNameRange { name: 'grunt-autoprefixer',
315 silly addNameRange   range: '>=0.2.0- <0.3.0-',
315 silly addNameRange   hasData: false }
316 silly addNameRange { name: 'grunt-usemin',
316 silly addNameRange   range: '>=0.1.10- <0.2.0-',
316 silly addNameRange   hasData: false }
317 silly addNameRange { name: 'grunt-mocha',
317 silly addNameRange   range: '>=0.4.0- <0.5.0-',
317 silly addNameRange   hasData: false }
318 silly addNameRange { name: 'grunt-modernizr',
318 silly addNameRange   range: '>=0.3.0- <0.4.0-',
318 silly addNameRange   hasData: false }
319 silly addNameRange { name: 'grunt-svgmin',
319 silly addNameRange   range: '>=0.2.0- <0.3.0-',
319 silly addNameRange   hasData: false }
320 silly addNameRange { name: 'grunt-concurrent',
320 silly addNameRange   range: '>=0.3.0- <0.4.0-',
320 silly addNameRange   hasData: false }
321 silly addNameRange { name: 'load-grunt-tasks',
321 silly addNameRange   range: '>=0.1.0- <0.2.0-',
321 silly addNameRange   hasData: false }
322 silly addNameRange { name: 'time-grunt', range: '>=0.1.1- <0.2.0-', hasData: false }
323 verbose url raw grunt-contrib-watch
324 verbose url resolving [ 'https://registry.npmjs.org/', './grunt-contrib-watch' ]
325 verbose url resolved https://registry.npmjs.org/grunt-contrib-watch
326 info trying registry request attempt 1 at 00:09:05
327 http GET https://registry.npmjs.org/grunt-contrib-watch
328 verbose url raw grunt-rev
329 verbose url resolving [ 'https://registry.npmjs.org/', './grunt-rev' ]
330 verbose url resolved https://registry.npmjs.org/grunt-rev
331 info trying registry request attempt 1 at 00:09:05
332 http GET https://registry.npmjs.org/grunt-rev
333 verbose url raw grunt-autoprefixer
334 verbose url resolving [ 'https://registry.npmjs.org/', './grunt-autoprefixer' ]
335 verbose url resolved https://registry.npmjs.org/grunt-autoprefixer
336 info trying registry request attempt 1 at 00:09:05
337 http GET https://registry.npmjs.org/grunt-autoprefixer
338 verbose url raw grunt-usemin
339 verbose url resolving [ 'https://registry.npmjs.org/', './grunt-usemin' ]
340 verbose url resolved https://registry.npmjs.org/grunt-usemin
341 info trying registry request attempt 1 at 00:09:05
342 http GET https://registry.npmjs.org/grunt-usemin
343 verbose url raw grunt-mocha
344 verbose url resolving [ 'https://registry.npmjs.org/', './grunt-mocha' ]
345 verbose url resolved https://registry.npmjs.org/grunt-mocha
346 info trying registry request attempt 1 at 00:09:05
347 http GET https://registry.npmjs.org/grunt-mocha
348 verbose url raw grunt-modernizr
349 verbose url resolving [ 'https://registry.npmjs.org/', './grunt-modernizr' ]
350 verbose url resolved https://registry.npmjs.org/grunt-modernizr
351 info trying registry request attempt 1 at 00:09:05
352 http GET https://registry.npmjs.org/grunt-modernizr
353 verbose url raw grunt-svgmin
354 verbose url resolving [ 'https://registry.npmjs.org/', './grunt-svgmin' ]
355 verbose url resolved https://registry.npmjs.org/grunt-svgmin
356 info trying registry request attempt 1 at 00:09:05
357 http GET https://registry.npmjs.org/grunt-svgmin
358 verbose url raw grunt-concurrent
359 verbose url resolving [ 'https://registry.npmjs.org/', './grunt-concurrent' ]
360 verbose url resolved https://registry.npmjs.org/grunt-concurrent
361 info trying registry request attempt 1 at 00:09:05
362 http GET https://registry.npmjs.org/grunt-concurrent
363 verbose url raw load-grunt-tasks
364 verbose url resolving [ 'https://registry.npmjs.org/', './load-grunt-tasks' ]
365 verbose url resolved https://registry.npmjs.org/load-grunt-tasks
366 info trying registry request attempt 1 at 00:09:05
367 http GET https://registry.npmjs.org/load-grunt-tasks
368 verbose url raw time-grunt
369 verbose url resolving [ 'https://registry.npmjs.org/', './time-grunt' ]
370 verbose url resolved https://registry.npmjs.org/time-grunt
371 info trying registry request attempt 1 at 00:09:05
372 http GET https://registry.npmjs.org/time-grunt
373 info retry will retry, error on last attempt: Error: tunneling socket could not be established, cause=connect ETIMEDOUT
374 info retry will retry, error on last attempt: Error: tunneling socket could not be established, cause=connect ETIMEDOUT
375 info retry will retry, error on last attempt: Error: tunneling socket could not be established, cause=connect ETIMEDOUT
376 info retry will retry, error on last attempt: Error: tunneling socket could not be established, cause=connect ETIMEDOUT
377 info retry will retry, error on last attempt: Error: tunneling socket could not be established, cause=connect ETIMEDOUT
378 info retry will retry, error on last attempt: Error: tunneling socket could not be established, cause=connect ETIMEDOUT
379 info retry will retry, error on last attempt: Error: tunneling socket could not be established, cause=connect ETIMEDOUT
380 info retry will retry, error on last attempt: Error: tunneling socket could not be established, cause=connect ETIMEDOUT
381 info retry will retry, error on last attempt: Error: tunneling socket could not be established, cause=connect ETIMEDOUT
382 info retry will retry, error on last attempt: Error: tunneling socket could not be established, cause=connect ETIMEDOUT
383 info retry will retry, error on last attempt: Error: tunneling socket could not be established, cause=connect ETIMEDOUT
384 info retry will retry, error on last attempt: Error: tunneling socket could not be established, cause=connect ETIMEDOUT
385 info retry will retry, error on last attempt: Error: tunneling socket could not be established, cause=connect ETIMEDOUT
386 info retry will retry, error on last attempt: Error: tunneling socket could not be established, cause=connect ETIMEDOUT
387 info retry will retry, error on last attempt: Error: tunneling socket could not be established, cause=connect ETIMEDOUT
388 info retry will retry, error on last attempt: Error: tunneling socket could not be established, cause=connect ETIMEDOUT
389 info retry will retry, error on last attempt: Error: tunneling socket could not be established, cause=connect ETIMEDOUT
390 info retry will retry, error on last attempt: Error: tunneling socket could not be established, cause=connect ETIMEDOUT
391 info retry will retry, error on last attempt: Error: tunneling socket could not be established, cause=connect ETIMEDOUT
392 info retry will retry, error on last attempt: Error: tunneling socket could not be established, cause=connect ETIMEDOUT
393 info retry will retry, error on last attempt: Error: tunneling socket could not be established, cause=connect ETIMEDOUT
394 info retry will retry, error on last attempt: Error: tunneling socket could not be established, cause=connect ETIMEDOUT
395 info retry will retry, error on last attempt: Error: tunneling socket could not be established, cause=connect ETIMEDOUT
396 info retry will retry, error on last attempt: Error: tunneling socket could not be established, cause=connect ETIMEDOUT
397 info trying registry request attempt 2 at 00:10:18
398 http GET https://registry.npmjs.org/grunt
399 info trying registry request attempt 2 at 00:10:18
400 http GET https://registry.npmjs.org/grunt-contrib-copy
401 info trying registry request attempt 2 at 00:10:18
402 http GET https://registry.npmjs.org/grunt-contrib-compass
403 info trying registry request attempt 2 at 00:10:18
404 http GET https://registry.npmjs.org/grunt-contrib-jshint
405 info trying registry request attempt 2 at 00:10:18
406 http GET https://registry.npmjs.org/grunt-contrib-cssmin
407 info trying registry request attempt 2 at 00:10:18
408 http GET https://registry.npmjs.org/grunt-contrib-coffee
409 info trying registry request attempt 2 at 00:10:18
410 http GET https://registry.npmjs.org/grunt-contrib-concat
411 info trying registry request attempt 2 at 00:10:18
412 http GET https://registry.npmjs.org/grunt-contrib-uglify
413 info trying registry request attempt 2 at 00:10:18
414 http GET https://registry.npmjs.org/grunt-contrib-connect
415 info trying registry request attempt 2 at 00:10:18
416 http GET https://registry.npmjs.org/grunt-contrib-clean
417 info trying registry request attempt 2 at 00:10:18
418 http GET https://registry.npmjs.org/grunt-contrib-htmlmin
419 info trying registry request attempt 2 at 00:10:18
420 http GET https://registry.npmjs.org/grunt-bower-requirejs
421 info trying registry request attempt 2 at 00:10:18
422 http GET https://registry.npmjs.org/grunt-contrib-requirejs
423 info trying registry request attempt 2 at 00:10:18
424 http GET https://registry.npmjs.org/grunt-contrib-imagemin
425 info trying registry request attempt 2 at 00:10:18
426 http GET https://registry.npmjs.org/grunt-contrib-watch
427 info trying registry request attempt 2 at 00:10:18
428 http GET https://registry.npmjs.org/grunt-rev
429 info trying registry request attempt 2 at 00:10:18
430 http GET https://registry.npmjs.org/grunt-autoprefixer
431 info trying registry request attempt 2 at 00:10:18
432 http GET https://registry.npmjs.org/grunt-usemin
433 info trying registry request attempt 2 at 00:10:18
434 http GET https://registry.npmjs.org/grunt-mocha
435 info trying registry request attempt 2 at 00:10:18
436 http GET https://registry.npmjs.org/grunt-modernizr
437 info trying registry request attempt 2 at 00:10:18
438 http GET https://registry.npmjs.org/grunt-svgmin
439 info trying registry request attempt 2 at 00:10:18
440 http GET https://registry.npmjs.org/grunt-concurrent
441 info trying registry request attempt 2 at 00:10:18
442 http GET https://registry.npmjs.org/load-grunt-tasks
443 info trying registry request attempt 2 at 00:10:18
444 http GET https://registry.npmjs.org/time-grunt
445 info retry will retry, error on last attempt: Error: tunneling socket could not be established, cause=connect ETIMEDOUT
446 info retry will retry, error on last attempt: Error: tunneling socket could not be established, cause=connect ETIMEDOUT
447 info retry will retry, error on last attempt: Error: tunneling socket could not be established, cause=connect ETIMEDOUT
448 info retry will retry, error on last attempt: Error: tunneling socket could not be established, cause=connect ETIMEDOUT
449 info retry will retry, error on last attempt: Error: tunneling socket could not be established, cause=connect ETIMEDOUT
450 info retry will retry, error on last attempt: Error: tunneling socket could not be established, cause=connect ETIMEDOUT
451 info retry will retry, error on last attempt: Error: tunneling socket could not be established, cause=connect ETIMEDOUT
452 info retry will retry, error on last attempt: Error: tunneling socket could not be established, cause=connect ETIMEDOUT
453 info retry will retry, error on last attempt: Error: tunneling socket could not be established, cause=connect ETIMEDOUT
454 info retry will retry, error on last attempt: Error: tunneling socket could not be established, cause=connect ETIMEDOUT
455 info retry will retry, error on last attempt: Error: tunneling socket could not be established, cause=connect ETIMEDOUT
456 info retry will retry, error on last attempt: Error: tunneling socket could not be established, cause=connect ETIMEDOUT
457 info retry will retry, error on last attempt: Error: tunneling socket could not be established, cause=connect ETIMEDOUT
458 info retry will retry, error on last attempt: Error: tunneling socket could not be established, cause=connect ETIMEDOUT
459 info retry will retry, error on last attempt: Error: tunneling socket could not be established, cause=connect ETIMEDOUT
460 info retry will retry, error on last attempt: Error: tunneling socket could not be established, cause=connect ETIMEDOUT
461 info retry will retry, error on last attempt: Error: tunneling socket could not be established, cause=connect ETIMEDOUT
462 info retry will retry, error on last attempt: Error: tunneling socket could not be established, cause=connect ETIMEDOUT
463 info retry will retry, error on last attempt: Error: tunneling socket could not be established, cause=connect ETIMEDOUT
464 info retry will retry, error on last attempt: Error: tunneling socket could not be established, cause=connect ETIMEDOUT
465 info retry will retry, error on last attempt: Error: tunneling socket could not be established, cause=connect ETIMEDOUT
466 info retry will retry, error on last attempt: Error: tunneling socket could not be established, cause=connect ETIMEDOUT
467 info retry will retry, error on last attempt: Error: tunneling socket could not be established, cause=connect ETIMEDOUT
468 info retry will retry, error on last attempt: Error: tunneling socket could not be established, cause=connect ETIMEDOUT
469 info trying registry request attempt 3 at 00:12:21
470 http GET https://registry.npmjs.org/grunt
471 info trying registry request attempt 3 at 00:12:21
472 http GET https://registry.npmjs.org/grunt-contrib-copy
473 info trying registry request attempt 3 at 00:12:21
474 http GET https://registry.npmjs.org/grunt-contrib-compass
475 info trying registry request attempt 3 at 00:12:21
476 http GET https://registry.npmjs.org/grunt-contrib-jshint
477 info trying registry request attempt 3 at 00:12:21
478 http GET https://registry.npmjs.org/grunt-contrib-cssmin
479 info trying registry request attempt 3 at 00:12:21
480 http GET https://registry.npmjs.org/grunt-contrib-coffee
481 info trying registry request attempt 3 at 00:12:21
482 http GET https://registry.npmjs.org/grunt-contrib-concat
483 info trying registry request attempt 3 at 00:12:21
484 http GET https://registry.npmjs.org/grunt-contrib-uglify
485 info trying registry request attempt 3 at 00:12:21
486 http GET https://registry.npmjs.org/grunt-contrib-connect
487 info trying registry request attempt 3 at 00:12:21
488 http GET https://registry.npmjs.org/grunt-contrib-clean
489 info trying registry request attempt 3 at 00:12:21
490 http GET https://registry.npmjs.org/grunt-contrib-htmlmin
491 info trying registry request attempt 3 at 00:12:21
492 http GET https://registry.npmjs.org/grunt-bower-requirejs
493 info trying registry request attempt 3 at 00:12:21
494 http GET https://registry.npmjs.org/grunt-contrib-requirejs
495 info trying registry request attempt 3 at 00:12:21
496 http GET https://registry.npmjs.org/grunt-contrib-imagemin
497 info trying registry request attempt 3 at 00:12:21
498 http GET https://registry.npmjs.org/grunt-contrib-watch
499 info trying registry request attempt 3 at 00:12:21
500 http GET https://registry.npmjs.org/grunt-rev
501 info trying registry request attempt 3 at 00:12:21
502 http GET https://registry.npmjs.org/grunt-autoprefixer
503 info trying registry request attempt 3 at 00:12:21
504 http GET https://registry.npmjs.org/grunt-usemin
505 info trying registry request attempt 3 at 00:12:21
506 http GET https://registry.npmjs.org/grunt-mocha
507 info trying registry request attempt 3 at 00:12:21
508 http GET https://registry.npmjs.org/grunt-modernizr
509 info trying registry request attempt 3 at 00:12:21
510 http GET https://registry.npmjs.org/grunt-svgmin
511 info trying registry request attempt 3 at 00:12:22
512 http GET https://registry.npmjs.org/grunt-concurrent
513 info trying registry request attempt 3 at 00:12:22
514 http GET https://registry.npmjs.org/load-grunt-tasks
515 info trying registry request attempt 3 at 00:12:22
516 http GET https://registry.npmjs.org/time-grunt
517 silly lockFile 766a3bd3-grunt-0-4-1 grunt@~0.4.1
518 silly lockFile 766a3bd3-grunt-0-4-1 grunt@~0.4.1
519 silly lockFile 65f7368c-grunt-contrib-imagemin-0-2-0 grunt-contrib-imagemin@~0.2.0
520 silly lockFile 65f7368c-grunt-contrib-imagemin-0-2-0 grunt-contrib-imagemin@~0.2.0
521 silly lockFile a6069a13-grunt-contrib-watch-0-5-2 grunt-contrib-watch@~0.5.2
522 silly lockFile a6069a13-grunt-contrib-watch-0-5-2 grunt-contrib-watch@~0.5.2
523 silly lockFile c84f658a-grunt-contrib-copy-0-4-1 grunt-contrib-copy@~0.4.1
524 silly lockFile c84f658a-grunt-contrib-copy-0-4-1 grunt-contrib-copy@~0.4.1
525 silly lockFile a3a49760-grunt-rev-0-1-0 grunt-rev@~0.1.0
526 silly lockFile a3a49760-grunt-rev-0-1-0 grunt-rev@~0.1.0
527 silly lockFile 5f76fad9-grunt-contrib-compass-0-5-0 grunt-contrib-compass@~0.5.0
528 silly lockFile 5f76fad9-grunt-contrib-compass-0-5-0 grunt-contrib-compass@~0.5.0
529 silly lockFile 312b1bea-grunt-autoprefixer-0-2-0 grunt-autoprefixer@~0.2.0
530 silly lockFile 312b1bea-grunt-autoprefixer-0-2-0 grunt-autoprefixer@~0.2.0
531 silly lockFile 6f38214b-grunt-contrib-jshint-0-6-3 grunt-contrib-jshint@~0.6.3
532 silly lockFile 6f38214b-grunt-contrib-jshint-0-6-3 grunt-contrib-jshint@~0.6.3
533 silly lockFile 9870b616-grunt-usemin-0-1-10 grunt-usemin@~0.1.10
534 silly lockFile 9870b616-grunt-usemin-0-1-10 grunt-usemin@~0.1.10
535 silly lockFile 681ad0ec-grunt-contrib-cssmin-0-6-0 grunt-contrib-cssmin@~0.6.0
536 silly lockFile 681ad0ec-grunt-contrib-cssmin-0-6-0 grunt-contrib-cssmin@~0.6.0
537 silly lockFile 4854fb45-grunt-mocha-0-4-0 grunt-mocha@~0.4.0
538 silly lockFile 4854fb45-grunt-mocha-0-4-0 grunt-mocha@~0.4.0
539 silly lockFile 2d9311bb-grunt-contrib-coffee-0-7-0 grunt-contrib-coffee@~0.7.0
540 silly lockFile 2d9311bb-grunt-contrib-coffee-0-7-0 grunt-contrib-coffee@~0.7.0
541 silly lockFile dc61ec22-grunt-modernizr-0-3-0 grunt-modernizr@~0.3.0
542 silly lockFile dc61ec22-grunt-modernizr-0-3-0 grunt-modernizr@~0.3.0
543 silly lockFile 0e44e68e-grunt-contrib-concat-0-3-0 grunt-contrib-concat@~0.3.0
544 silly lockFile 0e44e68e-grunt-contrib-concat-0-3-0 grunt-contrib-concat@~0.3.0
545 silly lockFile fefef466-grunt-svgmin-0-2-0 grunt-svgmin@~0.2.0
546 silly lockFile fefef466-grunt-svgmin-0-2-0 grunt-svgmin@~0.2.0
547 silly lockFile 2cc6dac2-grunt-contrib-uglify-0-2-0 grunt-contrib-uglify@~0.2.0
548 silly lockFile 2cc6dac2-grunt-contrib-uglify-0-2-0 grunt-contrib-uglify@~0.2.0
549 silly lockFile bc7bae3b-grunt-contrib-connect-0-5-0 grunt-contrib-connect@~0.5.0
550 silly lockFile bc7bae3b-grunt-contrib-connect-0-5-0 grunt-contrib-connect@~0.5.0
551 silly lockFile 83f743bc-grunt-contrib-clean-0-5-0 grunt-contrib-clean@~0.5.0
552 silly lockFile 83f743bc-grunt-contrib-clean-0-5-0 grunt-contrib-clean@~0.5.0
553 silly lockFile 2f1223f9-grunt-contrib-htmlmin-0-1-3 grunt-contrib-htmlmin@~0.1.3
554 silly lockFile 2f1223f9-grunt-contrib-htmlmin-0-1-3 grunt-contrib-htmlmin@~0.1.3
555 silly lockFile 5e6f0d65-grunt-bower-requirejs-0-7-0 grunt-bower-requirejs@~0.7.0
556 silly lockFile 5e6f0d65-grunt-bower-requirejs-0-7-0 grunt-bower-requirejs@~0.7.0
557 silly lockFile 334939f7-grunt-contrib-requirejs-0-4-1 grunt-contrib-requirejs@~0.4.1
558 silly lockFile 334939f7-grunt-contrib-requirejs-0-4-1 grunt-contrib-requirejs@~0.4.1
559 error Error: tunneling socket could not be established, cause=connect ETIMEDOUT
559 error     at ClientRequest.onError (/usr/local/lib/node_modules/npm/node_modules/request/node_modules/tunnel-agent/index.js:159:17)
559 error     at ClientRequest.g (events.js:175:14)
559 error     at ClientRequest.EventEmitter.emit (events.js:95:17)
559 error     at CleartextStream.socketErrorListener (http.js:1517:9)
559 error     at CleartextStream.EventEmitter.emit (events.js:95:17)
559 error     at Socket.onerror (tls.js:1421:17)
559 error     at Socket.EventEmitter.emit (events.js:117:20)
559 error     at net.js:440:14
559 error     at process._tickCallback (node.js:415:13)
560 error If you need help, you may report this log at:
560 error     <http://github.com/isaacs/npm/issues>
560 error or email it to:
560 error     <npm-@googlegroups.com>
561 error System Linux 3.2.0-52-generic-pae
562 error command "/usr/local/bin/node" "/usr/local/bin/npm" "install"
563 error cwd /home/jing/codeplay/javascript/yowebapp
564 error node -v v0.10.11
565 error npm -v 1.2.30
566 error code ECONNRESET
567 verbose exit [ 1, true ]
